<?xml version="1.0" encoding="UTF-8"?>
<!-- Generated by org.testng.reporters.JUnitReportReporter -->
<testsuite hostname="DESKTOP-J5DE89Q" failures="0" tests="1" name="runners.TestRunner" time="1.108" errors="0" timestamp="2025-04-26T21:19:35 IST" skipped="0">
  <testcase classname="runners.TestRunner" name="runScenario" time="1.108"/>
</testsuite> <!-- runners.TestRunner -->
